<?xml version="1.0" encoding="UTF-8"?>
<!-- Generated by org.testng.reporters.JUnitReportReporter -->
<testsuite hostname="DESKTOP-UE1BNSD" failures="0" tests="3" name="com.restbasics.TestGetPost" time="1.777" errors="0" timestamp="2022-03-30T14:56:39 IST" skipped="2">
  <testcase classname="com.restbasics.TestGetPost" name="createUserAccount" time="1.777"/>
  <system-out/>
  <testcase classname="com.restbasics.TestGetPost" name="getCountryAll">
    <skipped/>
  </testcase> <!-- getCountryAll -->
  <system-out/>
  <testcase classname="com.restbasics.TestGetPost" name="getCountryByName">
    <skipped/>
  </testcase> <!-- getCountryByName -->
  <system-out/>
</testsuite> <!-- com.restbasics.TestGetPost -->
