<?xml version="1.0" encoding="UTF-8"?>
<!-- Generated by org.testng.reporters.JUnitReportReporter -->
<testsuite hostname="DESKTOP-UE1BNSD" failures="0" tests="1" name="com.restbasics.TestPost" time="11.597" errors="0" timestamp="2022-03-30T16:46:20 IST" skipped="0">
  <testcase classname="com.restbasics.TestPost" name="getCountryAll" time="11.597"/>
  <system-out/>
</testsuite> <!-- com.restbasics.TestPost -->
