<?xml version="1.0" encoding="UTF-8"?>
<!-- Generated by org.testng.reporters.JUnitReportReporter -->
<testsuite hostname="DESKTOP-UE1BNSD" failures="0" tests="3" name="com.rest.Test_001" time="4.754" errors="0" timestamp="2022-03-30T17:24:27 IST" skipped="0">
  <testcase classname="com.rest.Test_001" name="getPage2_GetUsersDetails" time="0.635"/>
  <system-out/>
  <testcase classname="com.rest.Test_001" name="getPage2_FindArraySize" time="3.220"/>
  <system-out/>
  <testcase classname="com.rest.Test_001" name="getPage2_GetNamelName" time="0.899"/>
  <system-out/>
</testsuite> <!-- com.rest.Test_001 -->
